<?xml version="1.0" encoding="UTF-8"?>
<!-- Generated by org.testng.reporters.JUnitReportReporter -->
<testsuite hostname="DNV" name="package1.CustomerTest" tests="3" failures="0" timestamp="14 Sep 2019 14:56:06 GMT" time="0.018" errors="0">
  <testcase name="modifyCustomerTest" time="0.002" classname="package1.CustomerTest"/>
  <testcase name="createCustomerTest" time="0.012" classname="package1.CustomerTest"/>
  <testcase name="deleteCustomerTest" time="0.004" classname="package1.CustomerTest"/>
</testsuite> <!-- package1.CustomerTest -->
